<?xml version="1.0" encoding="UTF-8"?>
<testsuite xmlns:xsi="http://www.w3.org/2001/XMLSchema-instance" xsi:noNamespaceSchemaLocation="https://maven.apache.org/surefire/maven-surefire-plugin/xsd/surefire-test-report-3.0.xsd" version="3.0" name="MyRunner.RunnerClassTest" time="0.566" tests="6" errors="0" skipped="0" failures="0">
  <properties>
[...]
</properties>
  <testcase name="Login using valid conditions #1" classname="User Login" time="0.079">
    <system-out><![CDATA[
@all @validCredentials @smoke @regression
Scenario Outline: Login using valid conditions           &amp#27;[90m# src/test/resources/TestFeatures/Login.feature:16&amp#27;[0m
BeforeOrder0
Browser opened order 1
Before Step
User opened the application URL
  &amp#27;[32mGiven &amp#27;[0m&amp#27;[32mUser open the application URL&amp#27;[0m                    &amp#27;[90m# TestClasses.Login.User_open_the_application_URL()&amp#27;[0m
After Step
Before Step
User navigated to Login Page
  &amp#27;[32mWhen &amp#27;[0m&amp#27;[32mUser navigates to Login Page&amp#27;[0m                      &amp#27;[90m# TestClasses.Login.userNavigatesToLoginPage()&amp#27;[0m
After Step
Before Step
User entered valid email address: "jatingupta543@gmail.co"
  &amp#27;[32mAnd &amp#27;[0m&amp#27;[32mUser enters valid &amp#27;[0m&amp#27;[32m&amp#27;[1m"jatingupta543@gmail.co"&amp#27;[0m&amp#27;[32m address&amp#27;[0m &amp#27;[90m# TestClasses.Login.userEntersValidEmailAdd(java.lang.String)&amp#27;[0m
After Step
Before Step
User entered valid password: "Mm@8zKPANUMLHL"
  &amp#27;[32mAnd &amp#27;[0m&amp#27;[32mUser enters valid passwords &amp#27;[0m&amp#27;[32m&amp#27;[1m"Mm@8zKPANUMLHL"&amp#27;[0m       &amp#27;[90m# TestClasses.Login.userEntersValidPasswords(java.lang.String)&amp#27;[0m
After Step
Before Step
User logged in successfully
  &amp#27;[32mThen &amp#27;[0m&amp#27;[32mUser should login successfully&amp#27;[0m                    &amp#27;[90m# TestClasses.Login.userShouldLoginSuccessfully()&amp#27;[0m
After Step
After Order 1
Browser closed order 0
]]></system-out>
  </testcase>
  <testcase name="Login using valid conditions #2" classname="User Login" time="0.01">
    <system-out><![CDATA[
@all @validCredentials @smoke @regression
Scenario Outline: Login using valid conditions           &amp#27;[90m# src/test/resources/TestFeatures/Login.feature:17&amp#27;[0m
BeforeOrder0
Browser opened order 1
Before Step
User opened the application URL
  &amp#27;[32mGiven &amp#27;[0m&amp#27;[32mUser open the application URL&amp#27;[0m                    &amp#27;[90m# TestClasses.Login.User_open_the_application_URL()&amp#27;[0m
After Step
Before Step
User navigated to Login Page
  &amp#27;[32mWhen &amp#27;[0m&amp#27;[32mUser navigates to Login Page&amp#27;[0m                      &amp#27;[90m# TestClasses.Login.userNavigatesToLoginPage()&amp#27;[0m
After Step
Before Step
User entered valid email address: "jatingupta543@gmail.co"
  &amp#27;[32mAnd &amp#27;[0m&amp#27;[32mUser enters valid &amp#27;[0m&amp#27;[32m&amp#27;[1m"jatingupta543@gmail.co"&amp#27;[0m&amp#27;[32m address&amp#27;[0m &amp#27;[90m# TestClasses.Login.userEntersValidEmailAdd(java.lang.String)&amp#27;[0m
After Step
Before Step
User entered valid password: "Mm@8zKPANUMLHL"
  &amp#27;[32mAnd &amp#27;[0m&amp#27;[32mUser enters valid passwords &amp#27;[0m&amp#27;[32m&amp#27;[1m"Mm@8zKPANUMLHL"&amp#27;[0m       &amp#27;[90m# TestClasses.Login.userEntersValidPasswords(java.lang.String)&amp#27;[0m
After Step
Before Step
User logged in successfully
  &amp#27;[32mThen &amp#27;[0m&amp#27;[32mUser should login successfully&amp#27;[0m                    &amp#27;[90m# TestClasses.Login.userShouldLoginSuccessfully()&amp#27;[0m
After Step
After Order 1
Browser closed order 0
]]></system-out>
  </testcase>
  <testcase name="Login using valid conditions #3" classname="User Login" time="0.008">
    <system-out><![CDATA[
@all @validCredentials @smoke @regression
Scenario Outline: Login using valid conditions           &amp#27;[90m# src/test/resources/TestFeatures/Login.feature:18&amp#27;[0m
BeforeOrder0
Browser opened order 1
Before Step
User opened the application URL
  &amp#27;[32mGiven &amp#27;[0m&amp#27;[32mUser open the application URL&amp#27;[0m                    &amp#27;[90m# TestClasses.Login.User_open_the_application_URL()&amp#27;[0m
After Step
Before Step
User navigated to Login Page
  &amp#27;[32mWhen &amp#27;[0m&amp#27;[32mUser navigates to Login Page&amp#27;[0m                      &amp#27;[90m# TestClasses.Login.userNavigatesToLoginPage()&amp#27;[0m
After Step
Before Step
User entered valid email address: "jatingupta543@gmail.co"
  &amp#27;[32mAnd &amp#27;[0m&amp#27;[32mUser enters valid &amp#27;[0m&amp#27;[32m&amp#27;[1m"jatingupta543@gmail.co"&amp#27;[0m&amp#27;[32m address&amp#27;[0m &amp#27;[90m# TestClasses.Login.userEntersValidEmailAdd(java.lang.String)&amp#27;[0m
After Step
Before Step
User entered valid password: "Mm@8zKPANUMLHL"
  &amp#27;[32mAnd &amp#27;[0m&amp#27;[32mUser enters valid passwords &amp#27;[0m&amp#27;[32m&amp#27;[1m"Mm@8zKPANUMLHL"&amp#27;[0m       &amp#27;[90m# TestClasses.Login.userEntersValidPasswords(java.lang.String)&amp#27;[0m
After Step
Before Step
User logged in successfully
  &amp#27;[32mThen &amp#27;[0m&amp#27;[32mUser should login successfully&amp#27;[0m                    &amp#27;[90m# TestClasses.Login.userShouldLoginSuccessfully()&amp#27;[0m
After Step
After Order 1
Browser closed order 0
]]></system-out>
  </testcase>
  <testcase name="Login using invalid credentials #1" classname="User Login" time="0.007">
    <system-out><![CDATA[
@all @invalidCredentials @smoke
Scenario Outline: Login using invalid credentials                 &amp#27;[90m# src/test/resources/TestFeatures/Login.feature:29&amp#27;[0m
BeforeOrder0
User opened the application URL
  &amp#27;[32mGiven &amp#27;[0m&amp#27;[32mUser open the application URL&amp#27;[0m                             &amp#27;[90m# TestClasses.Login.User_open_the_application_URL()&amp#27;[0m
After Step
User navigated to Login Page
  &amp#27;[32mWhen &amp#27;[0m&amp#27;[32mUser navigates to Login Page&amp#27;[0m                               &amp#27;[90m# TestClasses.Login.userNavigatesToLoginPage()&amp#27;[0m
After Step
User entered invalid email address: "jatingupta543@gmail.com"
  &amp#27;[32mAnd &amp#27;[0m&amp#27;[32mUser enters invalid Email address &amp#27;[0m&amp#27;[32m&amp#27;[1m"jatingupta543@gmail.com"&amp#27;[0m &amp#27;[90m# TestClasses.Login.userEntersInvalidEmailAddress(java.lang.String)&amp#27;[0m
After Step
User entered invalid password: "Mm@8"
  &amp#27;[32mAnd &amp#27;[0m&amp#27;[32mUser enters invalid passwords &amp#27;[0m&amp#27;[32m&amp#27;[1m"Mm@8"&amp#27;[0m                        &amp#27;[90m# TestClasses.Login.userEntersInvalidPasswords(java.lang.String)&amp#27;[0m
After Step
User did not login successfully
  &amp#27;[32mThen &amp#27;[0m&amp#27;[32mUser should not login successfully&amp#27;[0m                         &amp#27;[90m# TestClasses.Login.userShouldNotLoginSuccessfully()&amp#27;[0m
After Step
User should get a proper warning message
  &amp#27;[32mBut &amp#27;[0m&amp#27;[32mUser should get a proper warning message&amp#27;[0m                    &amp#27;[90m# TestClasses.Login.userShouldGetAProperWarningMessage()&amp#27;[0m
After Step
After Order 1
]]></system-out>
  </testcase>
  <testcase name="Login using invalid credentials #2" classname="User Login" time="0.007">
    <system-out><![CDATA[
@all @invalidCredentials @smoke
Scenario Outline: Login using invalid credentials               &amp#27;[90m# src/test/resources/TestFeatures/Login.feature:30&amp#27;[0m
BeforeOrder0
User opened the application URL
  &amp#27;[32mGiven &amp#27;[0m&amp#27;[32mUser open the application URL&amp#27;[0m                           &amp#27;[90m# TestClasses.Login.User_open_the_application_URL()&amp#27;[0m
After Step
User navigated to Login Page
  &amp#27;[32mWhen &amp#27;[0m&amp#27;[32mUser navigates to Login Page&amp#27;[0m                             &amp#27;[90m# TestClasses.Login.userNavigatesToLoginPage()&amp#27;[0m
After Step
User entered invalid email address: "jatingupta543@gmail.c"
  &amp#27;[32mAnd &amp#27;[0m&amp#27;[32mUser enters invalid Email address &amp#27;[0m&amp#27;[32m&amp#27;[1m"jatingupta543@gmail.c"&amp#27;[0m &amp#27;[90m# TestClasses.Login.userEntersInvalidEmailAddress(java.lang.String)&amp#27;[0m
After Step
User entered invalid password: "mMLHL"
  &amp#27;[32mAnd &amp#27;[0m&amp#27;[32mUser enters invalid passwords &amp#27;[0m&amp#27;[32m&amp#27;[1m"mMLHL"&amp#27;[0m                     &amp#27;[90m# TestClasses.Login.userEntersInvalidPasswords(java.lang.String)&amp#27;[0m
After Step
User did not login successfully
  &amp#27;[32mThen &amp#27;[0m&amp#27;[32mUser should not login successfully&amp#27;[0m                       &amp#27;[90m# TestClasses.Login.userShouldNotLoginSuccessfully()&amp#27;[0m
After Step
User should get a proper warning message
  &amp#27;[32mBut &amp#27;[0m&amp#27;[32mUser should get a proper warning message&amp#27;[0m                  &amp#27;[90m# TestClasses.Login.userShouldGetAProperWarningMessage()&amp#27;[0m
After Step
After Order 1
]]></system-out>
  </testcase>
  <testcase name="Login using invalid credentials #3" classname="User Login" time="0.007">
    <system-out><![CDATA[
@all @invalidCredentials @smoke
Scenario Outline: Login using invalid credentials               &amp#27;[90m# src/test/resources/TestFeatures/Login.feature:31&amp#27;[0m
BeforeOrder0
User opened the application URL
  &amp#27;[32mGiven &amp#27;[0m&amp#27;[32mUser open the application URL&amp#27;[0m                           &amp#27;[90m# TestClasses.Login.User_open_the_application_URL()&amp#27;[0m
After Step
User navigated to Login Page
  &amp#27;[32mWhen &amp#27;[0m&amp#27;[32mUser navigates to Login Page&amp#27;[0m                             &amp#27;[90m# TestClasses.Login.userNavigatesToLoginPage()&amp#27;[0m
After Step
User entered invalid email address: "jatingupta543@gmail.o"
  &amp#27;[32mAnd &amp#27;[0m&amp#27;[32mUser enters invalid Email address &amp#27;[0m&amp#27;[32m&amp#27;[1m"jatingupta543@gmail.o"&amp#27;[0m &amp#27;[90m# TestClasses.Login.userEntersInvalidEmailAddress(java.lang.String)&amp#27;[0m
After Step
User entered invalid password: "UMLHL"
  &amp#27;[32mAnd &amp#27;[0m&amp#27;[32mUser enters invalid passwords &amp#27;[0m&amp#27;[32m&amp#27;[1m"UMLHL"&amp#27;[0m                     &amp#27;[90m# TestClasses.Login.userEntersInvalidPasswords(java.lang.String)&amp#27;[0m
After Step
User did not login successfully
  &amp#27;[32mThen &amp#27;[0m&amp#27;[32mUser should not login successfully&amp#27;[0m                       &amp#27;[90m# TestClasses.Login.userShouldNotLoginSuccessfully()&amp#27;[0m
After Step
User should get a proper warning message
  &amp#27;[32mBut &amp#27;[0m&amp#27;[32mUser should get a proper warning message&amp#27;[0m                  &amp#27;[90m# TestClasses.Login.userShouldGetAProperWarningMessage()&amp#27;[0m
After Step
After Order 1
]]></system-out>
  </testcase>
</testsuite>